[0.016s] Invoking command in '/home/subash/ros2_ws/src/build/my_robot_description': CMAKE_PREFIX_PATH=${CMAKE_PREFIX_PATH}:/home/subash/dev_ws/install/nav2_gps_waypoint_follower_demo:/opt/ros/humble VIRTUAL_ENV_PROMPT=(.venv) /usr/bin/cmake /home/subash/ros2_ws/src/my_robot_description -DAMENT_CMAKE_SYMLINK_INSTALL=1 -DCMAKE_INSTALL_PREFIX=/home/subash/ros2_ws/src/install/my_robot_description
[0.023s] -- Found ament_cmake: 1.3.11 (/opt/ros/humble/share/ament_cmake/cmake)
[0.133s] -- Override CMake install command with custom implementation using symlinks instead of copying resources
[0.218s] -- Configuring done
[0.220s] -- Generating done
[0.220s] -- Build files have been written to: /home/subash/ros2_ws/src/build/my_robot_description
[0.223s] Invoked command in '/home/subash/ros2_ws/src/build/my_robot_description' returned '0': CMAKE_PREFIX_PATH=${CMAKE_PREFIX_PATH}:/home/subash/dev_ws/install/nav2_gps_waypoint_follower_demo:/opt/ros/humble VIRTUAL_ENV_PROMPT=(.venv) /usr/bin/cmake /home/subash/ros2_ws/src/my_robot_description -DAMENT_CMAKE_SYMLINK_INSTALL=1 -DCMAKE_INSTALL_PREFIX=/home/subash/ros2_ws/src/install/my_robot_description
[0.224s] Invoking command in '/home/subash/ros2_ws/src/build/my_robot_description': CMAKE_PREFIX_PATH=${CMAKE_PREFIX_PATH}:/home/subash/dev_ws/install/nav2_gps_waypoint_follower_demo:/opt/ros/humble VIRTUAL_ENV_PROMPT=(.venv) /usr/bin/cmake --build /home/subash/ros2_ws/src/build/my_robot_description -- -j16 -l16
[0.270s] Invoked command in '/home/subash/ros2_ws/src/build/my_robot_description' returned '0': CMAKE_PREFIX_PATH=${CMAKE_PREFIX_PATH}:/home/subash/dev_ws/install/nav2_gps_waypoint_follower_demo:/opt/ros/humble VIRTUAL_ENV_PROMPT=(.venv) /usr/bin/cmake --build /home/subash/ros2_ws/src/build/my_robot_description -- -j16 -l16
[0.280s] Invoking command in '/home/subash/ros2_ws/src/build/my_robot_description': CMAKE_PREFIX_PATH=${CMAKE_PREFIX_PATH}:/home/subash/dev_ws/install/nav2_gps_waypoint_follower_demo:/opt/ros/humble VIRTUAL_ENV_PROMPT=(.venv) /usr/bin/cmake --install /home/subash/ros2_ws/src/build/my_robot_description
[0.286s] -- Install configuration: ""
[0.287s] -- Execute custom install script
[0.287s] -- Symlinking: /home/subash/ros2_ws/src/install/my_robot_description/share/ament_index/resource_index/package_run_dependencies/my_robot_description
[0.301s] -- Symlinking: /home/subash/ros2_ws/src/install/my_robot_description/share/ament_index/resource_index/parent_prefix_path/my_robot_description
[0.310s] -- Symlinking: /home/subash/ros2_ws/src/install/my_robot_description/share/my_robot_description/environment/ament_prefix_path.sh
[0.326s] -- Symlinking: /home/subash/ros2_ws/src/install/my_robot_description/share/my_robot_description/environment/ament_prefix_path.dsv
[0.339s] -- Symlinking: /home/subash/ros2_ws/src/install/my_robot_description/share/my_robot_description/environment/path.sh
[0.347s] -- Symlinking: /home/subash/ros2_ws/src/install/my_robot_description/share/my_robot_description/environment/path.dsv
[0.355s] -- Symlinking: /home/subash/ros2_ws/src/install/my_robot_description/share/my_robot_description/local_setup.bash
[0.369s] -- Symlinking: /home/subash/ros2_ws/src/install/my_robot_description/share/my_robot_description/local_setup.sh
[0.383s] -- Symlinking: /home/subash/ros2_ws/src/install/my_robot_description/share/my_robot_description/local_setup.zsh
[0.391s] -- Symlinking: /home/subash/ros2_ws/src/install/my_robot_description/share/my_robot_description/local_setup.dsv
[0.429s] -- Symlinking: /home/subash/ros2_ws/src/install/my_robot_description/share/my_robot_description/package.dsv
[0.438s] -- Symlinking: /home/subash/ros2_ws/src/install/my_robot_description/share/ament_index/resource_index/packages/my_robot_description
[0.459s] -- Symlinking: /home/subash/ros2_ws/src/install/my_robot_description/share/my_robot_description/cmake/my_robot_descriptionConfig.cmake
[0.467s] -- Symlinking: /home/subash/ros2_ws/src/install/my_robot_description/share/my_robot_description/cmake/my_robot_descriptionConfig-version.cmake
[0.473s] -- Symlinking: /home/subash/ros2_ws/src/install/my_robot_description/share/my_robot_description/package.xml
[0.481s] -- Installing: /home/subash/ros2_ws/src/install/my_robot_description/share/my_robot_description//urdf
[0.481s] -- Installing: /home/subash/ros2_ws/src/install/my_robot_description/share/my_robot_description//urdf/mobile_base.xacro
[0.481s] -- Installing: /home/subash/ros2_ws/src/install/my_robot_description/share/my_robot_description//urdf/camera.xacro
[0.482s] -- Installing: /home/subash/ros2_ws/src/install/my_robot_description/share/my_robot_description//urdf/arm.xacro
[0.482s] -- Installing: /home/subash/ros2_ws/src/install/my_robot_description/share/my_robot_description//urdf/my_robot.urdf.xacro
[0.482s] -- Installing: /home/subash/ros2_ws/src/install/my_robot_description/share/my_robot_description//urdf/common_properties.xacro
[0.482s] -- Installing: /home/subash/ros2_ws/src/install/my_robot_description/share/my_robot_description//urdf/arm_base.urdf.xacro
[0.482s] -- Installing: /home/subash/ros2_ws/src/install/my_robot_description/share/my_robot_description//urdf/mobile_base_gazebo.xacro
[0.482s] -- Installing: /home/subash/ros2_ws/src/install/my_robot_description/share/my_robot_description//urdf/arm_base.urdf
[0.483s] -- Installing: /home/subash/ros2_ws/src/install/my_robot_description/share/my_robot_description//launch
[0.483s] -- Installing: /home/subash/ros2_ws/src/install/my_robot_description/share/my_robot_description//launch/display.launch.py
[0.483s] -- Installing: /home/subash/ros2_ws/src/install/my_robot_description/share/my_robot_description//launch/display.launch.xml
[0.483s] -- Installing: /home/subash/ros2_ws/src/install/my_robot_description/share/my_robot_description//rviz
[0.483s] -- Installing: /home/subash/ros2_ws/src/install/my_robot_description/share/my_robot_description//rviz/config.rviz
[0.485s] Invoked command in '/home/subash/ros2_ws/src/build/my_robot_description' returned '0': CMAKE_PREFIX_PATH=${CMAKE_PREFIX_PATH}:/home/subash/dev_ws/install/nav2_gps_waypoint_follower_demo:/opt/ros/humble VIRTUAL_ENV_PROMPT=(.venv) /usr/bin/cmake --install /home/subash/ros2_ws/src/build/my_robot_description
