[0.016s] Invoking command in '/home/subash/ros2_ws/src/build/my_robot_bringup': CMAKE_PREFIX_PATH=${CMAKE_PREFIX_PATH}:/home/subash/dev_ws/install/nav2_gps_waypoint_follower_demo:/opt/ros/humble VIRTUAL_ENV_PROMPT=(.venv) /usr/bin/cmake /home/subash/ros2_ws/src/my_robot_bringup -DAMENT_CMAKE_SYMLINK_INSTALL=1 -DCMAKE_INSTALL_PREFIX=/home/subash/ros2_ws/src/install/my_robot_bringup
[0.028s] -- Found ament_cmake: 1.3.11 (/opt/ros/humble/share/ament_cmake/cmake)
[0.138s] -- Override CMake install command with custom implementation using symlinks instead of copying resources
[0.223s] -- Configuring done
[0.224s] -- Generating done
[0.226s] -- Build files have been written to: /home/subash/ros2_ws/src/build/my_robot_bringup
[0.230s] Invoked command in '/home/subash/ros2_ws/src/build/my_robot_bringup' returned '0': CMAKE_PREFIX_PATH=${CMAKE_PREFIX_PATH}:/home/subash/dev_ws/install/nav2_gps_waypoint_follower_demo:/opt/ros/humble VIRTUAL_ENV_PROMPT=(.venv) /usr/bin/cmake /home/subash/ros2_ws/src/my_robot_bringup -DAMENT_CMAKE_SYMLINK_INSTALL=1 -DCMAKE_INSTALL_PREFIX=/home/subash/ros2_ws/src/install/my_robot_bringup
[0.231s] Invoking command in '/home/subash/ros2_ws/src/build/my_robot_bringup': CMAKE_PREFIX_PATH=${CMAKE_PREFIX_PATH}:/home/subash/dev_ws/install/nav2_gps_waypoint_follower_demo:/opt/ros/humble VIRTUAL_ENV_PROMPT=(.venv) /usr/bin/cmake --build /home/subash/ros2_ws/src/build/my_robot_bringup -- -j16 -l16
[0.286s] Invoked command in '/home/subash/ros2_ws/src/build/my_robot_bringup' returned '0': CMAKE_PREFIX_PATH=${CMAKE_PREFIX_PATH}:/home/subash/dev_ws/install/nav2_gps_waypoint_follower_demo:/opt/ros/humble VIRTUAL_ENV_PROMPT=(.venv) /usr/bin/cmake --build /home/subash/ros2_ws/src/build/my_robot_bringup -- -j16 -l16
[0.287s] Invoking command in '/home/subash/ros2_ws/src/build/my_robot_bringup': CMAKE_PREFIX_PATH=${CMAKE_PREFIX_PATH}:/home/subash/dev_ws/install/nav2_gps_waypoint_follower_demo:/opt/ros/humble VIRTUAL_ENV_PROMPT=(.venv) /usr/bin/cmake --install /home/subash/ros2_ws/src/build/my_robot_bringup
[0.292s] -- Install configuration: ""
[0.292s] -- Execute custom install script
[0.292s] -- Symlinking: /home/subash/ros2_ws/src/install/my_robot_bringup/share/my_robot_bringup//launch/my_robot_gazebo.launch.xml
[0.306s] -- Symlinking: /home/subash/ros2_ws/src/install/my_robot_bringup/share/ament_index/resource_index/package_run_dependencies/my_robot_bringup
[0.315s] -- Symlinking: /home/subash/ros2_ws/src/install/my_robot_bringup/share/ament_index/resource_index/parent_prefix_path/my_robot_bringup
[0.331s] -- Symlinking: /home/subash/ros2_ws/src/install/my_robot_bringup/share/my_robot_bringup/environment/ament_prefix_path.sh
[0.344s] -- Symlinking: /home/subash/ros2_ws/src/install/my_robot_bringup/share/my_robot_bringup/environment/ament_prefix_path.dsv
[0.352s] -- Symlinking: /home/subash/ros2_ws/src/install/my_robot_bringup/share/my_robot_bringup/environment/path.sh
[0.360s] -- Symlinking: /home/subash/ros2_ws/src/install/my_robot_bringup/share/my_robot_bringup/environment/path.dsv
[0.374s] -- Symlinking: /home/subash/ros2_ws/src/install/my_robot_bringup/share/my_robot_bringup/local_setup.bash
[0.388s] -- Symlinking: /home/subash/ros2_ws/src/install/my_robot_bringup/share/my_robot_bringup/local_setup.sh
[0.396s] -- Symlinking: /home/subash/ros2_ws/src/install/my_robot_bringup/share/my_robot_bringup/local_setup.zsh
[0.434s] -- Symlinking: /home/subash/ros2_ws/src/install/my_robot_bringup/share/my_robot_bringup/local_setup.dsv
[0.443s] -- Symlinking: /home/subash/ros2_ws/src/install/my_robot_bringup/share/my_robot_bringup/package.dsv
[0.464s] -- Symlinking: /home/subash/ros2_ws/src/install/my_robot_bringup/share/ament_index/resource_index/packages/my_robot_bringup
[0.472s] -- Symlinking: /home/subash/ros2_ws/src/install/my_robot_bringup/share/my_robot_bringup/cmake/my_robot_bringupConfig.cmake
[0.480s] -- Symlinking: /home/subash/ros2_ws/src/install/my_robot_bringup/share/my_robot_bringup/cmake/my_robot_bringupConfig-version.cmake
[0.487s] -- Symlinking: /home/subash/ros2_ws/src/install/my_robot_bringup/share/my_robot_bringup/package.xml
[0.511s] Invoked command in '/home/subash/ros2_ws/src/build/my_robot_bringup' returned '0': CMAKE_PREFIX_PATH=${CMAKE_PREFIX_PATH}:/home/subash/dev_ws/install/nav2_gps_waypoint_follower_demo:/opt/ros/humble VIRTUAL_ENV_PROMPT=(.venv) /usr/bin/cmake --install /home/subash/ros2_ws/src/build/my_robot_bringup
