[0.016s] Invoking command in '/home/subash/ros2_ws/src/build/my_robot_description': CMAKE_PREFIX_PATH=${CMAKE_PREFIX_PATH}:/home/subash/dev_ws/install/nav2_gps_waypoint_follower_demo:/opt/ros/humble VIRTUAL_ENV_PROMPT=(.venv) /usr/bin/cmake /home/subash/ros2_ws/src/my_robot_description -DAMENT_CMAKE_SYMLINK_INSTALL=1 -DCMAKE_INSTALL_PREFIX=/home/subash/ros2_ws/src/install/my_robot_description
[0.103s] -- The C compiler identification is GNU 11.4.0
[0.176s] -- The CXX compiler identification is GNU 11.4.0
[0.184s] -- Detecting C compiler ABI info
[0.253s] -- Detecting C compiler ABI info - done
[0.260s] -- Check for working C compiler: /usr/bin/cc - skipped
[0.260s] -- Detecting C compile features
[0.260s] -- Detecting C compile features - done
[0.263s] -- Detecting CXX compiler ABI info
[0.343s] -- Detecting CXX compiler ABI info - done
[0.348s] -- Check for working CXX compiler: /usr/bin/c++ - skipped
[0.348s] -- Detecting CXX compile features
[0.348s] -- Detecting CXX compile features - done
[0.351s] -- Found ament_cmake: 1.3.11 (/opt/ros/humble/share/ament_cmake/cmake)
[0.466s] -- Found Python3: /home/subash/ros2_ws/src/.venv/bin/python3 (found version "3.10.12") found components: Interpreter 
[0.517s] -- Override CMake install command with custom implementation using symlinks instead of copying resources
[0.580s] Traceback (most recent call last):
[0.580s]   File "/opt/ros/humble/share/ament_cmake_core/cmake/core/package_xml_2_cmake.py", line 22, in <module>
[0.580s]     from catkin_pkg.package import parse_package_string
[0.580s] ModuleNotFoundError: No module named 'catkin_pkg'
[0.582s] [31mCMake Error at /opt/ros/humble/share/ament_cmake_core/cmake/core/ament_package_xml.cmake:95 (message):
[0.582s]   execute_process(/home/subash/ros2_ws/src/.venv/bin/python3
[0.582s]   /opt/ros/humble/share/ament_cmake_core/cmake/core/package_xml_2_cmake.py
[0.582s]   /home/subash/ros2_ws/src/my_robot_description/package.xml
[0.582s]   /home/subash/ros2_ws/src/build/my_robot_description/ament_cmake_core/package.cmake)
[0.583s]   returned error code 1
[0.583s] Call Stack (most recent call first):
[0.583s]   /opt/ros/humble/share/ament_cmake_core/cmake/core/ament_package_xml.cmake:49 (_ament_package_xml)
[0.583s]   /opt/ros/humble/share/ament_cmake_core/cmake/core/ament_package.cmake:63 (ament_package_xml)
[0.583s]   CMakeLists.txt:18 (ament_package)
[0.583s] 
[0.583s] [0m
[0.583s] -- Configuring incomplete, errors occurred!
[0.583s] See also "/home/subash/ros2_ws/src/build/my_robot_description/CMakeFiles/CMakeOutput.log".
[0.587s] Invoked command in '/home/subash/ros2_ws/src/build/my_robot_description' returned '1': CMAKE_PREFIX_PATH=${CMAKE_PREFIX_PATH}:/home/subash/dev_ws/install/nav2_gps_waypoint_follower_demo:/opt/ros/humble VIRTUAL_ENV_PROMPT=(.venv) /usr/bin/cmake /home/subash/ros2_ws/src/my_robot_description -DAMENT_CMAKE_SYMLINK_INSTALL=1 -DCMAKE_INSTALL_PREFIX=/home/subash/ros2_ws/src/install/my_robot_description
