[0.080s] Invoking command in '/home/subash/ros2_ws/src/build/my_robot_bringup': CMAKE_PREFIX_PATH=${CMAKE_PREFIX_PATH}:/home/subash/dev_ws/install/nav2_gps_waypoint_follower_demo:/opt/ros/humble VIRTUAL_ENV_PROMPT=(.venv) /usr/bin/cmake /home/subash/ros2_ws/src/my_robot_bringup -DAMENT_CMAKE_SYMLINK_INSTALL=1 -DCMAKE_INSTALL_PREFIX=/home/subash/ros2_ws/src/install/my_robot_bringup
[0.177s] -- The C compiler identification is GNU 11.4.0
[0.249s] -- The CXX compiler identification is GNU 11.4.0
[0.257s] -- Detecting C compiler ABI info
[0.326s] -- Detecting C compiler ABI info - done
[0.333s] -- Check for working C compiler: /usr/bin/cc - skipped
[0.333s] -- Detecting C compile features
[0.334s] -- Detecting C compile features - done
[0.336s] -- Detecting CXX compiler ABI info
[0.413s] -- Detecting CXX compiler ABI info - done
[0.418s] -- Check for working CXX compiler: /usr/bin/c++ - skipped
[0.418s] -- Detecting CXX compile features
[0.419s] -- Detecting CXX compile features - done
[0.424s] -- Found ament_cmake: 1.3.11 (/opt/ros/humble/share/ament_cmake/cmake)
[0.539s] -- Found Python3: /home/subash/ros2_ws/src/.venv/bin/python3 (found version "3.10.12") found components: Interpreter 
[0.590s] -- Override CMake install command with custom implementation using symlinks instead of copying resources
[0.653s] Traceback (most recent call last):
[0.653s]   File "/opt/ros/humble/share/ament_cmake_core/cmake/core/package_xml_2_cmake.py", line 22, in <module>
[0.653s]     from catkin_pkg.package import parse_package_string
[0.653s] ModuleNotFoundError: No module named 'catkin_pkg'
[0.655s] [31mCMake Error at /opt/ros/humble/share/ament_cmake_core/cmake/core/ament_package_xml.cmake:95 (message):
[0.655s]   execute_process(/home/subash/ros2_ws/src/.venv/bin/python3
[0.655s]   /opt/ros/humble/share/ament_cmake_core/cmake/core/package_xml_2_cmake.py
[0.655s]   /home/subash/ros2_ws/src/my_robot_bringup/package.xml
[0.655s]   /home/subash/ros2_ws/src/build/my_robot_bringup/ament_cmake_core/package.cmake)
[0.655s]   returned error code 1
[0.655s] Call Stack (most recent call first):
[0.655s]   /opt/ros/humble/share/ament_cmake_core/cmake/core/ament_package_xml.cmake:49 (_ament_package_xml)
[0.655s]   /opt/ros/humble/share/ament_cmake_core/cmake/core/ament_package.cmake:63 (ament_package_xml)
[0.655s]   CMakeLists.txt:18 (ament_package)
[0.656s] 
[0.656s] [0m
[0.656s] -- Configuring incomplete, errors occurred!
[0.656s] See also "/home/subash/ros2_ws/src/build/my_robot_bringup/CMakeFiles/CMakeOutput.log".
[0.659s] Invoked command in '/home/subash/ros2_ws/src/build/my_robot_bringup' returned '1': CMAKE_PREFIX_PATH=${CMAKE_PREFIX_PATH}:/home/subash/dev_ws/install/nav2_gps_waypoint_follower_demo:/opt/ros/humble VIRTUAL_ENV_PROMPT=(.venv) /usr/bin/cmake /home/subash/ros2_ws/src/my_robot_bringup -DAMENT_CMAKE_SYMLINK_INSTALL=1 -DCMAKE_INSTALL_PREFIX=/home/subash/ros2_ws/src/install/my_robot_bringup
